1488928055.295612 client started (2344): socket /private/tmp/tmux-501/default, protocol 8
1488928055.295647 on Darwin 16.3.0 Darwin Kernel Version 16.3.0: Thu Nov 17 20:23:58 PST 2016; root:xnu-3789.31.2~1/RELEASE_X86_64; libevent 2.1.8-stable (select)
1488928055.295689 socket is /private/tmp/tmux-501/default
1488928055.295705 trying connect
1488928055.295785 add peer 0x7ffc8e001000: 6 (0x0)
1488928055.296623 sending message 100 to peer 0x7ffc8e001000 (4 bytes)
1488928055.296638 sending message 101 to peer 0x7ffc8e001000 (16 bytes)
1488928055.296642 sending message 102 to peer 0x7ffc8e001000 (13 bytes)
1488928055.296646 sending message 108 to peer 0x7ffc8e001000 (69 bytes)
1488928055.296657 sending message 104 to peer 0x7ffc8e001000 (0 bytes)
1488928055.296661 sending message 107 to peer 0x7ffc8e001000 (4 bytes)
1488928055.296664 sending message 105 to peer 0x7ffc8e001000 (28 bytes)
1488928055.296668 sending message 105 to peer 0x7ffc8e001000 (21 bytes)
1488928055.296671 sending message 105 to peer 0x7ffc8e001000 (16 bytes)
1488928055.296675 sending message 105 to peer 0x7ffc8e001000 (57 bytes)
1488928055.296678 sending message 105 to peer 0x7ffc8e001000 (76 bytes)
1488928055.296682 sending message 105 to peer 0x7ffc8e001000 (25 bytes)
1488928055.296685 sending message 105 to peer 0x7ffc8e001000 (62 bytes)
1488928055.296688 sending message 105 to peer 0x7ffc8e001000 (53 bytes)
1488928055.296692 sending message 105 to peer 0x7ffc8e001000 (9 bytes)
1488928055.296695 sending message 105 to peer 0x7ffc8e001000 (66 bytes)
1488928055.296698 sending message 105 to peer 0x7ffc8e001000 (38 bytes)
1488928055.296702 sending message 105 to peer 0x7ffc8e001000 (42 bytes)
1488928055.296705 sending message 105 to peer 0x7ffc8e001000 (178 bytes)
1488928055.296709 sending message 105 to peer 0x7ffc8e001000 (73 bytes)
1488928055.296712 sending message 105 to peer 0x7ffc8e001000 (17 bytes)
1488928055.296715 sending message 105 to peer 0x7ffc8e001000 (14 bytes)
1488928055.296719 sending message 105 to peer 0x7ffc8e001000 (13 bytes)
1488928055.296722 sending message 105 to peer 0x7ffc8e001000 (19 bytes)
1488928055.296725 sending message 105 to peer 0x7ffc8e001000 (8 bytes)
1488928055.296728 sending message 105 to peer 0x7ffc8e001000 (16 bytes)
1488928055.296732 sending message 105 to peer 0x7ffc8e001000 (12 bytes)
1488928055.296735 sending message 105 to peer 0x7ffc8e001000 (22 bytes)
1488928055.296738 sending message 105 to peer 0x7ffc8e001000 (17 bytes)
1488928055.296742 sending message 105 to peer 0x7ffc8e001000 (15 bytes)
1488928055.296745 sending message 106 to peer 0x7ffc8e001000 (0 bytes)
1488928055.296751 sending message 200 to peer 0x7ffc8e001000 (4 bytes)
1488928055.296755 client loop enter
1488928055.297793 peer 0x7ffc8e001000 message 211
1488928055.297821 peer 0x7ffc8e001000 message 203
1488928055.297827 client loop exit
